<?xml version="1.0" encoding="UTF-8"?>
<robot generator="Robot 5.0.1 (Python 3.10.4 on win32)" generated="20220726 22:06:32.094" rpa="false" schemaversion="3">
<suite id="s1" name="Comprar Passagem Lista" source="F:\projetoPython\fts134_robot_framework\tests\web\comprar_passagem_lista.robot">
<test id="s1-t1" name="Passagem Paris-Buenos Aires" line="15">
<kw name="Abrir Navegador" library="base" type="SETUP">
<kw name="Open Browser" library="SeleniumLibrary">
<arg>${url}</arg>
<arg>${browser}</arg>
<doc>Opens a new browser instance to the optional ``url``.</doc>
<msg timestamp="20220726 22:06:32.295" level="INFO">Opening browser 'Chrome' to base url 'https://www.blazedemo.com'.</msg>
<status status="PASS" starttime="20220726 22:06:32.295" endtime="20220726 22:06:34.368"/>
</kw>
<status status="PASS" starttime="20220726 22:06:32.295" endtime="20220726 22:06:34.368"/>
</kw>
<kw name="Selecionar Origem e Destino">
<arg>Paris</arg>
<arg>Buenos Aires</arg>
<kw name="Selecionar origem e destino do voo" library="index">
<arg>${ORIGEM}</arg>
<arg>${DESTINO}</arg>
<kw name="Wait Until Element Is Enabled" library="SeleniumLibrary">
<arg>name = fromPort</arg>
<arg>5</arg>
<doc>Waits until the element ``locator`` is enabled.</doc>
<status status="PASS" starttime="20220726 22:06:34.370" endtime="20220726 22:06:34.407"/>
</kw>
<kw name="Select From List By Label" library="SeleniumLibrary">
<arg>name = fromPort</arg>
<arg>${origem}</arg>
<doc>Selects options from selection list ``locator`` by ``labels``.</doc>
<msg timestamp="20220726 22:06:34.408" level="INFO">Selecting options from selection list 'name = fromPort' by label Paris.</msg>
<status status="PASS" starttime="20220726 22:06:34.407" endtime="20220726 22:06:34.495"/>
</kw>
<kw name="Select From List By Label" library="SeleniumLibrary">
<arg>name = toPort</arg>
<arg>${destino}</arg>
<doc>Selects options from selection list ``locator`` by ``labels``.</doc>
<msg timestamp="20220726 22:06:34.495" level="INFO">Selecting options from selection list 'name = toPort' by label Buenos Aires.</msg>
<status status="PASS" starttime="20220726 22:06:34.495" endtime="20220726 22:06:34.531"/>
</kw>
<kw name="Click Button" library="SeleniumLibrary">
<arg>class = btn.btn-primary</arg>
<doc>Clicks the button identified by ``locator``.</doc>
<msg timestamp="20220726 22:06:34.531" level="INFO">Clicking button 'class = btn.btn-primary'.</msg>
<status status="PASS" starttime="20220726 22:06:34.531" endtime="20220726 22:06:35.088"/>
</kw>
<status status="PASS" starttime="20220726 22:06:34.369" endtime="20220726 22:06:35.088"/>
</kw>
<status status="PASS" starttime="20220726 22:06:34.369" endtime="20220726 22:06:35.088"/>
</kw>
<kw name="Fechar Navegador" library="base" type="TEARDOWN">
<kw name="Close Browser" library="SeleniumLibrary">
<doc>Closes the current browser.</doc>
<status status="PASS" starttime="20220726 22:06:35.089" endtime="20220726 22:06:37.218"/>
</kw>
<status status="PASS" starttime="20220726 22:06:35.088" endtime="20220726 22:06:37.218"/>
</kw>
<status status="PASS" starttime="20220726 22:06:32.294" endtime="20220726 22:06:37.219"/>
</test>
<test id="s1-t2" name="Passagem San Diego-Rome" line="16">
<kw name="Abrir Navegador" library="base" type="SETUP">
<kw name="Open Browser" library="SeleniumLibrary">
<arg>${url}</arg>
<arg>${browser}</arg>
<doc>Opens a new browser instance to the optional ``url``.</doc>
<msg timestamp="20220726 22:06:37.222" level="INFO">Opening browser 'Chrome' to base url 'https://www.blazedemo.com'.</msg>
<status status="PASS" starttime="20220726 22:06:37.222" endtime="20220726 22:06:39.483"/>
</kw>
<status status="PASS" starttime="20220726 22:06:37.221" endtime="20220726 22:06:39.483"/>
</kw>
<kw name="Selecionar Origem e Destino">
<arg>San Diego</arg>
<arg>Rome</arg>
<kw name="Selecionar origem e destino do voo" library="index">
<arg>${ORIGEM}</arg>
<arg>${DESTINO}</arg>
<kw name="Wait Until Element Is Enabled" library="SeleniumLibrary">
<arg>name = fromPort</arg>
<arg>5</arg>
<doc>Waits until the element ``locator`` is enabled.</doc>
<status status="PASS" starttime="20220726 22:06:39.484" endtime="20220726 22:06:39.516"/>
</kw>
<kw name="Select From List By Label" library="SeleniumLibrary">
<arg>name = fromPort</arg>
<arg>${origem}</arg>
<doc>Selects options from selection list ``locator`` by ``labels``.</doc>
<msg timestamp="20220726 22:06:39.516" level="INFO">Selecting options from selection list 'name = fromPort' by label San Diego.</msg>
<status status="PASS" starttime="20220726 22:06:39.516" endtime="20220726 22:06:39.560"/>
</kw>
<kw name="Select From List By Label" library="SeleniumLibrary">
<arg>name = toPort</arg>
<arg>${destino}</arg>
<doc>Selects options from selection list ``locator`` by ``labels``.</doc>
<msg timestamp="20220726 22:06:39.560" level="INFO">Selecting options from selection list 'name = toPort' by label Rome.</msg>
<status status="PASS" starttime="20220726 22:06:39.560" endtime="20220726 22:06:39.607"/>
</kw>
<kw name="Click Button" library="SeleniumLibrary">
<arg>class = btn.btn-primary</arg>
<doc>Clicks the button identified by ``locator``.</doc>
<msg timestamp="20220726 22:06:39.607" level="INFO">Clicking button 'class = btn.btn-primary'.</msg>
<status status="PASS" starttime="20220726 22:06:39.607" endtime="20220726 22:06:40.099"/>
</kw>
<status status="PASS" starttime="20220726 22:06:39.484" endtime="20220726 22:06:40.099"/>
</kw>
<status status="PASS" starttime="20220726 22:06:39.483" endtime="20220726 22:06:40.099"/>
</kw>
<kw name="Fechar Navegador" library="base" type="TEARDOWN">
<kw name="Close Browser" library="SeleniumLibrary">
<doc>Closes the current browser.</doc>
<status status="PASS" starttime="20220726 22:06:40.100" endtime="20220726 22:06:42.193"/>
</kw>
<status status="PASS" starttime="20220726 22:06:40.100" endtime="20220726 22:06:42.193"/>
</kw>
<status status="PASS" starttime="20220726 22:06:37.220" endtime="20220726 22:06:42.194"/>
</test>
<test id="s1-t3" name="CT22 - Boston-Berlin" line="17">
<kw name="Abrir Navegador" library="base" type="SETUP">
<kw name="Open Browser" library="SeleniumLibrary">
<arg>${url}</arg>
<arg>${browser}</arg>
<doc>Opens a new browser instance to the optional ``url``.</doc>
<msg timestamp="20220726 22:06:42.200" level="INFO">Opening browser 'Chrome' to base url 'https://www.blazedemo.com'.</msg>
<status status="PASS" starttime="20220726 22:06:42.199" endtime="20220726 22:06:44.777"/>
</kw>
<status status="PASS" starttime="20220726 22:06:42.199" endtime="20220726 22:06:44.777"/>
</kw>
<kw name="Selecionar Origem e Destino">
<arg>Boston</arg>
<arg>Berlin</arg>
<kw name="Selecionar origem e destino do voo" library="index">
<arg>${ORIGEM}</arg>
<arg>${DESTINO}</arg>
<kw name="Wait Until Element Is Enabled" library="SeleniumLibrary">
<arg>name = fromPort</arg>
<arg>5</arg>
<doc>Waits until the element ``locator`` is enabled.</doc>
<status status="PASS" starttime="20220726 22:06:44.779" endtime="20220726 22:06:44.825"/>
</kw>
<kw name="Select From List By Label" library="SeleniumLibrary">
<arg>name = fromPort</arg>
<arg>${origem}</arg>
<doc>Selects options from selection list ``locator`` by ``labels``.</doc>
<msg timestamp="20220726 22:06:44.826" level="INFO">Selecting options from selection list 'name = fromPort' by label Boston.</msg>
<status status="PASS" starttime="20220726 22:06:44.826" endtime="20220726 22:06:44.874"/>
</kw>
<kw name="Select From List By Label" library="SeleniumLibrary">
<arg>name = toPort</arg>
<arg>${destino}</arg>
<doc>Selects options from selection list ``locator`` by ``labels``.</doc>
<msg timestamp="20220726 22:06:44.874" level="INFO">Selecting options from selection list 'name = toPort' by label Berlin.</msg>
<status status="PASS" starttime="20220726 22:06:44.874" endtime="20220726 22:06:44.923"/>
</kw>
<kw name="Click Button" library="SeleniumLibrary">
<arg>class = btn.btn-primary</arg>
<doc>Clicks the button identified by ``locator``.</doc>
<msg timestamp="20220726 22:06:44.923" level="INFO">Clicking button 'class = btn.btn-primary'.</msg>
<status status="PASS" starttime="20220726 22:06:44.923" endtime="20220726 22:06:45.417"/>
</kw>
<status status="PASS" starttime="20220726 22:06:44.778" endtime="20220726 22:06:45.417"/>
</kw>
<status status="PASS" starttime="20220726 22:06:44.777" endtime="20220726 22:06:45.418"/>
</kw>
<kw name="Fechar Navegador" library="base" type="TEARDOWN">
<kw name="Close Browser" library="SeleniumLibrary">
<doc>Closes the current browser.</doc>
<status status="PASS" starttime="20220726 22:06:45.419" endtime="20220726 22:06:47.533"/>
</kw>
<status status="PASS" starttime="20220726 22:06:45.418" endtime="20220726 22:06:47.533"/>
</kw>
<status status="PASS" starttime="20220726 22:06:42.196" endtime="20220726 22:06:47.534"/>
</test>
<doc>Realizar compra de passagen a partir de uma lista</doc>
<status status="PASS" starttime="20220726 22:06:32.095" endtime="20220726 22:06:47.536"/>
</suite>
<statistics>
<total>
<stat pass="3" fail="0" skip="0">All Tests</stat>
</total>
<tag>
</tag>
<suite>
<stat pass="3" fail="0" skip="0" id="s1" name="Comprar Passagem Lista">Comprar Passagem Lista</stat>
</suite>
</statistics>
<errors>
</errors>
</robot>
